# JRE version: OpenJDK Runtime Environment Temurin-17.0.15+6 (17.0.15+6) (build 17.0.15+6)
# Java VM: OpenJDK 64-Bit Server VM Temurin-17.0.15+6 (17.0.15+6, mixed mode, sharing, tiered, compressed oops, compressed class ptrs, g1 gc, windows-amd64)
GC Precious Log:
 CPUs: 16 total, 16 available
 Memory: 32537M
 Large Page Support: Disabled
 NUMA Support: Disabled
 Compressed Oops: Enabled (Zero based)
 Heap Region Size: 4M
 Heap Min Capacity: 8M
 Heap Initial Capacity: 512M
 Heap Max Capacity: 8136M
 Pre-touch: Disabled
 Parallel Workers: 13
 Concurrent Workers: 3
 Concurrent Refinement Workers: 13
 Periodic GC: Disabled
Heap:
 garbage-first heap   total 139264K, used 68801K [0x0000000603800000, 0x0000000800000000)
  region size 4096K, 7 young (28672K), 1 survivors (4096K)
 Metaspace       used 101131K, committed 101888K, reserved 1179648K
  class space    used 13165K, committed 13504K, reserved 1048576K
GC Heap History (20 events):
Event: 1031.470 GC heap before
{Heap before GC invocations=25 (full 0):
 garbage-first heap   total 139264K, used 110840K [0x0000000603800000, 0x0000000800000000)
  region size 4096K, 16 young (65536K), 1 survivors (4096K)
 Metaspace       used 98499K, committed 99200K, reserved 1179648K
  class space    used 13096K, committed 13440K, reserved 1048576K
}
Event: 1031.472 GC heap after
{Heap after GC invocations=26 (full 0):
 garbage-first heap   total 139264K, used 49146K [0x0000000603800000, 0x0000000800000000)
  region size 4096K, 1 young (4096K), 1 survivors (4096K)
 Metaspace       used 98499K, committed 99200K, reserved 1179648K
  class space    used 13096K, committed 13440K, reserved 1048576K
}
Event: 1206.903 GC heap before
{Heap before GC invocations=26 (full 0):
 garbage-first heap   total 139264K, used 114682K [0x0000000603800000, 0x0000000800000000)
  region size 4096K, 17 young (69632K), 1 survivors (4096K)
 Metaspace       used 98524K, committed 99200K, reserved 1179648K
  class space    used 13096K, committed 13440K, reserved 1048576K
}
Event: 1206.911 GC heap after
{Heap after GC invocations=27 (full 0):
 garbage-first heap   total 139264K, used 49177K [0x0000000603800000, 0x0000000800000000)
  region size 4096K, 1 young (4096K), 1 survivors (4096K)
 Metaspace       used 98524K, committed 99200K, reserved 1179648K
  class space    used 13096K, committed 13440K, reserved 1048576K
}
Event: 1380.169 GC heap before
{Heap before GC invocations=27 (full 0):
 garbage-first heap   total 139264K, used 114713K [0x0000000603800000, 0x0000000800000000)
  region size 4096K, 17 young (69632K), 1 survivors (4096K)
 Metaspace       used 98542K, committed 99264K, reserved 1179648K
  class space    used 13097K, committed 13440K, reserved 1048576K
}
Event: 1380.170 GC heap after
{Heap after GC invocations=28 (full 0):
 garbage-first heap   total 139264K, used 49204K [0x0000000603800000, 0x0000000800000000)
  region size 4096K, 1 young (4096K), 1 survivors (4096K)
 Metaspace       used 98542K, committed 99264K, reserved 1179648K
  class space    used 13097K, committed 13440K, reserved 1048576K
}
Event: 1547.680 GC heap before
{Heap before GC invocations=28 (full 0):
 garbage-first heap   total 139264K, used 114740K [0x0000000603800000, 0x0000000800000000)
  region size 4096K, 17 young (69632K), 1 survivors (4096K)
 Metaspace       used 98605K, committed 99264K, reserved 1179648K
  class space    used 13097K, committed 13440K, reserved 1048576K
}
Event: 1547.686 GC heap after
{Heap after GC invocations=29 (full 0):
 garbage-first heap   total 139264K, used 49543K [0x0000000603800000, 0x0000000800000000)
  region size 4096K, 1 young (4096K), 1 survivors (4096K)
 Metaspace       used 98605K, committed 99264K, reserved 1179648K
  class space    used 13097K, committed 13440K, reserved 1048576K
}
Event: 1717.395 GC heap before
{Heap before GC invocations=29 (full 0):
 garbage-first heap   total 139264K, used 115079K [0x0000000603800000, 0x0000000800000000)
  region size 4096K, 17 young (69632K), 1 survivors (4096K)
 Metaspace       used 98651K, committed 99392K, reserved 1179648K
  class space    used 13100K, committed 13440K, reserved 1048576K
}
Event: 1717.397 GC heap after
{Heap after GC invocations=30 (full 0):
 garbage-first heap   total 139264K, used 49807K [0x0000000603800000, 0x0000000800000000)
  region size 4096K, 1 young (4096K), 1 survivors (4096K)
 Metaspace       used 98651K, committed 99392K, reserved 1179648K
  class space    used 13100K, committed 13440K, reserved 1048576K
}
Event: 1780.311 GC heap before
{Heap before GC invocations=30 (full 0):
 garbage-first heap   total 139264K, used 111247K [0x0000000603800000, 0x0000000800000000)
  region size 4096K, 17 young (69632K), 1 survivors (4096K)
 Metaspace       used 100280K, committed 100992K, reserved 1179648K
  class space    used 13131K, committed 13440K, reserved 1048576K
}
Event: 1780.314 GC heap after
{Heap after GC invocations=31 (full 0):
 garbage-first heap   total 139264K, used 50303K [0x0000000603800000, 0x0000000800000000)
  region size 4096K, 1 young (4096K), 1 survivors (4096K)
 Metaspace       used 100280K, committed 100992K, reserved 1179648K
  class space    used 13131K, committed 13440K, reserved 1048576K
}
Event: 1780.970 GC heap before
{Heap before GC invocations=31 (full 0):
 garbage-first heap   total 139264K, used 54399K [0x0000000603800000, 0x0000000800000000)
  region size 4096K, 3 young (12288K), 1 survivors (4096K)
 Metaspace       used 100391K, committed 101056K, reserved 1179648K
  class space    used 13131K, committed 13440K, reserved 1048576K
}
Event: 1780.972 GC heap after
{Heap after GC invocations=32 (full 0):
 garbage-first heap   total 139264K, used 50351K [0x0000000603800000, 0x0000000800000000)
  region size 4096K, 1 young (4096K), 1 survivors (4096K)
 Metaspace       used 100391K, committed 101056K, reserved 1179648K
  class space    used 13131K, committed 13440K, reserved 1048576K
}
Event: 1859.225 GC heap before
{Heap before GC invocations=33 (full 0):
 garbage-first heap   total 139264K, used 107695K [0x0000000603800000, 0x0000000800000000)
  region size 4096K, 14 young (57344K), 1 survivors (4096K)
 Metaspace       used 100534K, committed 101312K, reserved 1179648K
  class space    used 13146K, committed 13504K, reserved 1048576K
}
Event: 1859.227 GC heap after
{Heap after GC invocations=34 (full 0):
 garbage-first heap   total 139264K, used 58550K [0x0000000603800000, 0x0000000800000000)
  region size 4096K, 3 young (12288K), 3 survivors (12288K)
 Metaspace       used 100534K, committed 101312K, reserved 1179648K
  class space    used 13146K, committed 13504K, reserved 1048576K
}
Event: 1922.784 GC heap before
{Heap before GC invocations=34 (full 0):
 garbage-first heap   total 139264K, used 111798K [0x0000000603800000, 0x0000000800000000)
  region size 4096K, 15 young (61440K), 3 survivors (12288K)
 Metaspace       used 100979K, committed 101696K, reserved 1179648K
  class space    used 13165K, committed 13504K, reserved 1048576K
}
Event: 1922.786 GC heap after
{Heap after GC invocations=35 (full 0):
 garbage-first heap   total 139264K, used 52559K [0x0000000603800000, 0x0000000800000000)
  region size 4096K, 1 young (4096K), 1 survivors (4096K)
 Metaspace       used 100979K, committed 101696K, reserved 1179648K
  class space    used 13165K, committed 13504K, reserved 1048576K
}
Event: 2056.709 GC heap before
{Heap before GC invocations=35 (full 0):
 garbage-first heap   total 139264K, used 105807K [0x0000000603800000, 0x0000000800000000)
  region size 4096K, 14 young (57344K), 1 survivors (4096K)
 Metaspace       used 101004K, committed 101760K, reserved 1179648K
  class space    used 13165K, committed 13504K, reserved 1048576K
}
Event: 2056.710 GC heap after
{Heap after GC invocations=36 (full 0):
 garbage-first heap   total 139264K, used 52417K [0x0000000603800000, 0x0000000800000000)
  region size 4096K, 1 young (4096K), 1 survivors (4096K)
 Metaspace       used 101004K, committed 101760K, reserved 1179648K
  class space    used 13165K, committed 13504K, reserved 1048576K
}

